2026-06-06 23:35:16,800 - sms_app - INFO - In router attendancedata:<class 'routers.attendance.BulkMarkIn'> | 
2026-06-06 23:35:16,803 - sms_app - INFO - In service router attendancerecords:[{'enrollment_id': UUID('dd8e3d5d-deb0-41da-8d89-329f86385614'), 'status': 'present', 'remarks': None}, {'enrollment_id': UUID('c543bd93-f783-4cb4-b40c-ea8e0db40a82'), 'status': 'absent', 'remarks': None}, {'enrollment_id': UUID('7f3eac5b-fb09-4067-ae33-2f1069a8777c'), 'status': 'present', 'remarks': None}] | 
2026-06-06 23:36:01,120 - sms_app - INFO - In router attendancedata:<class 'routers.attendance.BulkMarkIn'> | 
2026-06-06 23:36:01,120 - sms_app - INFO - In service router attendancerecords:[{'enrollment_id': UUID('dd8e3d5d-deb0-41da-8d89-329f86385614'), 'status': 'present', 'remarks': None}, {'enrollment_id': UUID('c543bd93-f783-4cb4-b40c-ea8e0db40a82'), 'status': 'absent', 'remarks': None}, {'enrollment_id': UUID('7f3eac5b-fb09-4067-ae33-2f1069a8777c'), 'status': 'late', 'remarks': None}] | 
2026-06-07 16:48:23,784 - sms_app - INFO - Login attempt for email: rahul@demoschool.com and password :Admin@123
2026-06-07 16:48:24,000 - sms_app - INFO - Final Response: access_token='eyJhbGciOiJIUzI1NiIsInR5cCI6IkpXVCJ9.eyJzdWIiOiIxZTZkZWFkMy01NmJmLTRkNjYtOWU0MS0yZDg2Zjg5NTk4NDQiLCJ0ZW5hbnRfaWQiOiJhYWFhYWFhYS0wMDAwLTAwMDAtMDAwMC0wMDAwMDAwMDAwMDEiLCJyb2xlIjoic3VwZXJhZG1pbiIsImVtYWlsIjoicmFodWxAZGVtb3NjaG9vbC5jb20iLCJleHAiOjE3ODA5MTc1MDN9.s5QcNqBUBthcfp-TCFXCq08XzbqiX5EBhbGXH2TT-RU' token_type='bearer' expires_in=86400 user=UserInfo(id=UUID('1e6dead3-56bf-4d66-9e41-2d86f8959844'), email='rahul@demoschool.com', role='superadmin', tenant_id=UUID('aaaaaaaa-0000-0000-0000-000000000001'), tenant_name='Demo Public School')
2026-06-07 17:06:56,396 - sms_app - INFO - Login attempt for email: rahul@demoschool.com and password :Admin@123
2026-06-07 17:06:56,428 - sms_app - INFO - Final Response: access_token='eyJhbGciOiJIUzI1NiIsInR5cCI6IkpXVCJ9.eyJzdWIiOiIxZTZkZWFkMy01NmJmLTRkNjYtOWU0MS0yZDg2Zjg5NTk4NDQiLCJ0ZW5hbnRfaWQiOiJhYWFhYWFhYS0wMDAwLTAwMDAtMDAwMC0wMDAwMDAwMDAwMDEiLCJyb2xlIjoic3VwZXJhZG1pbiIsImVtYWlsIjoicmFodWxAZGVtb3NjaG9vbC5jb20iLCJleHAiOjE3ODA5MTg2MTZ9.8zUQ6FOGLPWJwtF4UcSE3peqrOddO3c9MzOGnlGrqVw' token_type='bearer' expires_in=86400 user=UserInfo(id=UUID('1e6dead3-56bf-4d66-9e41-2d86f8959844'), email='rahul@demoschool.com', role='superadmin', tenant_id=UUID('aaaaaaaa-0000-0000-0000-000000000001'), tenant_name='Demo Public School')
2026-06-09 12:29:10,310 - sms_app - INFO - Login attempt for email: rahul@demoschool.com and password :Admin@123
2026-06-09 12:29:10,482 - sms_app - INFO - Final Response: access_token='eyJhbGciOiJIUzI1NiIsInR5cCI6IkpXVCJ9.eyJzdWIiOiIxZTZkZWFkMy01NmJmLTRkNjYtOWU0MS0yZDg2Zjg5NTk4NDQiLCJ0ZW5hbnRfaWQiOiJhYWFhYWFhYS0wMDAwLTAwMDAtMDAwMC0wMDAwMDAwMDAwMDEiLCJyb2xlIjoic3VwZXJhZG1pbiIsImVtYWlsIjoicmFodWxAZGVtb3NjaG9vbC5jb20iLCJleHAiOjE3ODEwNzQ3NTB9.TJeEXX0_XxirtyeuuwkCug33_zm6FZh0O-kx1kQZCTQ' token_type='bearer' expires_in=86400 user=UserInfo(id=UUID('1e6dead3-56bf-4d66-9e41-2d86f8959844'), email='rahul@demoschool.com', role='superadmin', tenant_id=UUID('aaaaaaaa-0000-0000-0000-000000000001'), tenant_name='Demo Public School')
2026-06-10 12:07:29,166 - sms_app - INFO - Login attempt for email: rahul@demoschool.com and password :Admin@123
2026-06-10 12:07:29,332 - sms_app - INFO - Final Response: access_token='eyJhbGciOiJIUzI1NiIsInR5cCI6IkpXVCJ9.eyJzdWIiOiIxZTZkZWFkMy01NmJmLTRkNjYtOWU0MS0yZDg2Zjg5NTk4NDQiLCJ0ZW5hbnRfaWQiOiJhYWFhYWFhYS0wMDAwLTAwMDAtMDAwMC0wMDAwMDAwMDAwMDEiLCJyb2xlIjoic3VwZXJhZG1pbiIsImVtYWlsIjoicmFodWxAZGVtb3NjaG9vbC5jb20iLCJleHAiOjE3ODExNTk4NDl9.Qf9V20j-TaOeLDMQmFIVb4jVZsXcRdPbAJW-0sVhNRk' token_type='bearer' expires_in=86400 user=UserInfo(id=UUID('1e6dead3-56bf-4d66-9e41-2d86f8959844'), email='rahul@demoschool.com', role='superadmin', tenant_id=UUID('aaaaaaaa-0000-0000-0000-000000000001'), tenant_name='Demo Public School')
2026-06-10 12:09:10,227 - sms_app - INFO - Login attempt for email: rahul@demoschool.com and password :Admin@123
2026-06-10 12:09:10,227 - sms_app - ERROR - User not found
2026-06-10 12:09:23,388 - sms_app - INFO - Login attempt for email: rahul@demoschool.com and password :Admin@123
2026-06-10 12:09:23,388 - sms_app - ERROR - User not found
2026-06-10 12:10:35,000 - sms_app - INFO - Login attempt for email: rahul@demoschool.com and password :Admin@123
2026-06-10 12:10:35,021 - sms_app - INFO - Final Response: access_token='eyJhbGciOiJIUzI1NiIsInR5cCI6IkpXVCJ9.eyJzdWIiOiIxZTZkZWFkMy01NmJmLTRkNjYtOWU0MS0yZDg2Zjg5NTk4NDQiLCJ0ZW5hbnRfaWQiOiJhYWFhYWFhYS0wMDAwLTAwMDAtMDAwMC0wMDAwMDAwMDAwMDEiLCJyb2xlIjoic3VwZXJhZG1pbiIsImVtYWlsIjoicmFodWxAZGVtb3NjaG9vbC5jb20iLCJleHAiOjE3ODExNjAwMzV9.u-MgcsePe4aulNrg3JNjb5s7RAqQqg8B3QsWUEe3tCs' token_type='bearer' expires_in=86400 user=UserInfo(id=UUID('1e6dead3-56bf-4d66-9e41-2d86f8959844'), email='rahul@demoschool.com', role='superadmin', tenant_id=UUID('aaaaaaaa-0000-0000-0000-000000000001'), tenant_name='Demo Public School')
2026-06-10 13:00:56,495 - sms_app - INFO - Login attempt for email: rahul@demoschool.com and password :Admin@123
2026-06-10 13:00:56,732 - sms_app - INFO - Final Response: access_token='eyJhbGciOiJIUzI1NiIsInR5cCI6IkpXVCJ9.eyJzdWIiOiIxZTZkZWFkMy01NmJmLTRkNjYtOWU0MS0yZDg2Zjg5NTk4NDQiLCJ0ZW5hbnRfaWQiOiJhYWFhYWFhYS0wMDAwLTAwMDAtMDAwMC0wMDAwMDAwMDAwMDEiLCJyb2xlIjoic3VwZXJhZG1pbiIsImVtYWlsIjoicmFodWxAZGVtb3NjaG9vbC5jb20iLCJleHAiOjE3ODExNjMwNTZ9.9_u68eT7NQAZUNa7Sfrxmc2K2CMONUEzm6GZuXMue0g' token_type='bearer' expires_in=86400 user=UserInfo(id=UUID('1e6dead3-56bf-4d66-9e41-2d86f8959844'), email='rahul@demoschool.com', role='superadmin', tenant_id=UUID('aaaaaaaa-0000-0000-0000-000000000001'), tenant_name='Demo Public School')
2026-06-10 13:21:08,593 - sms_app - INFO - Create User  Router Request  Data=email='amit@ymail.com' password='123456' first_name='amit' last_name='kumar' role='parent' phone='8527419630' | email=amit@ymail.com | role=parent | tenant_id=aaaaaaaa-0000-0000-0000-000000000001 | requested_by=1e6dead3-56bf-4d66-9e41-2d86f8959844
2026-06-10 13:21:16,064 - sms_app - INFO - Create User  Router Request  Data=email='amit@ymail.com' password='123456' first_name='amit' last_name='kumar' role='parent' phone='8527419630' | email=amit@ymail.com | role=parent | tenant_id=aaaaaaaa-0000-0000-0000-000000000001 | requested_by=1e6dead3-56bf-4d66-9e41-2d86f8959844
2026-06-10 13:25:53,852 - sms_app - INFO - Create User  Router Request  Data=email='amit@ymail.com' password='123456' first_name='amit' last_name='kumar' role='parent' phone='8527419630' | email=amit@ymail.com | role=parent | tenant_id=aaaaaaaa-0000-0000-0000-000000000001 | requested_by=1e6dead3-56bf-4d66-9e41-2d86f8959844
2026-06-10 13:26:58,086 - sms_app - INFO - Create User  Router Request  Data=email='sumit@ymail.com' password='123456' first_name='sumit' last_name='singh' role='student' phone='9638527410' | email=sumit@ymail.com | role=student | tenant_id=aaaaaaaa-0000-0000-0000-000000000001 | requested_by=1e6dead3-56bf-4d66-9e41-2d86f8959844
2026-06-10 13:39:19,280 - sms_app - INFO - Login attempt for email: sumit@gmail.com and password :123456
2026-06-10 13:39:19,290 - sms_app - ERROR - User not found
2026-06-10 13:39:53,531 - sms_app - INFO - Login attempt for email: sumit@ymail.com and password :123456
2026-06-10 13:39:53,905 - sms_app - INFO - Final Response: access_token='eyJhbGciOiJIUzI1NiIsInR5cCI6IkpXVCJ9.eyJzdWIiOiIwNzNkZGM1Yi1hNjRkLTRlZWEtOWVmZS1hNzQ1NTNhNjA3NzgiLCJ0ZW5hbnRfaWQiOiJhYWFhYWFhYS0wMDAwLTAwMDAtMDAwMC0wMDAwMDAwMDAwMDEiLCJyb2xlIjoic3R1ZGVudCIsImVtYWlsIjoic3VtaXRAeW1haWwuY29tIiwiZXhwIjoxNzgxMTY1MzkzfQ.TVpcNUTcEhhPvr4nZMxmUq2rNqTt1HDdTNAETQbVgrw' token_type='bearer' expires_in=86400 user=UserInfo(id=UUID('073ddc5b-a64d-4eea-9efe-a74553a60778'), email='sumit@ymail.com', role='student', tenant_id=UUID('aaaaaaaa-0000-0000-0000-000000000001'), tenant_name='Demo Public School')
2026-06-10 13:41:36,696 - sms_app - INFO - Login attempt for email: rahul@demoschool.com and password :Admin@123
2026-06-10 13:41:36,710 - sms_app - INFO - Final Response: access_token='eyJhbGciOiJIUzI1NiIsInR5cCI6IkpXVCJ9.eyJzdWIiOiIxZTZkZWFkMy01NmJmLTRkNjYtOWU0MS0yZDg2Zjg5NTk4NDQiLCJ0ZW5hbnRfaWQiOiJhYWFhYWFhYS0wMDAwLTAwMDAtMDAwMC0wMDAwMDAwMDAwMDEiLCJyb2xlIjoic3VwZXJhZG1pbiIsImVtYWlsIjoicmFodWxAZGVtb3NjaG9vbC5jb20iLCJleHAiOjE3ODExNjU0OTZ9.CztpjLc3qQndeO-HSM7U1FCUJ0N2E78D0GmXumNXVZk' token_type='bearer' expires_in=86400 user=UserInfo(id=UUID('1e6dead3-56bf-4d66-9e41-2d86f8959844'), email='rahul@demoschool.com', role='superadmin', tenant_id=UUID('aaaaaaaa-0000-0000-0000-000000000001'), tenant_name='Demo Public School')
2026-06-10 13:46:49,045 - sms_app - INFO - Create User  Router Request  Data=email='anurag@ymail.com' password='123456' first_name='anurag' last_name='kaunaojiya' role='accountant' phone='3243454344' | email=anurag@ymail.com | role=accountant | tenant_id=aaaaaaaa-0000-0000-0000-000000000001 | requested_by=1e6dead3-56bf-4d66-9e41-2d86f8959844
2026-06-10 13:46:51,836 - sms_app - INFO - Create User  Router Request  Data=email='anurag@ymail.com' password='123456' first_name='anurag' last_name='kaunaojiya' role='accountant' phone='3243454344' | email=anurag@ymail.com | role=accountant | tenant_id=aaaaaaaa-0000-0000-0000-000000000001 | requested_by=1e6dead3-56bf-4d66-9e41-2d86f8959844
2026-06-10 13:46:53,077 - sms_app - INFO - Create User  Router Request  Data=email='anurag@ymail.com' password='123456' first_name='anurag' last_name='kaunaojiya' role='accountant' phone='3243454344' | email=anurag@ymail.com | role=accountant | tenant_id=aaaaaaaa-0000-0000-0000-000000000001 | requested_by=1e6dead3-56bf-4d66-9e41-2d86f8959844
2026-06-10 13:46:53,562 - sms_app - INFO - Create User  Router Request  Data=email='anurag@ymail.com' password='123456' first_name='anurag' last_name='kaunaojiya' role='accountant' phone='3243454344' | email=anurag@ymail.com | role=accountant | tenant_id=aaaaaaaa-0000-0000-0000-000000000001 | requested_by=1e6dead3-56bf-4d66-9e41-2d86f8959844
2026-06-10 13:46:53,811 - sms_app - INFO - Create User  Router Request  Data=email='anurag@ymail.com' password='123456' first_name='anurag' last_name='kaunaojiya' role='accountant' phone='3243454344' | email=anurag@ymail.com | role=accountant | tenant_id=aaaaaaaa-0000-0000-0000-000000000001 | requested_by=1e6dead3-56bf-4d66-9e41-2d86f8959844
2026-06-10 13:46:54,069 - sms_app - INFO - Create User  Router Request  Data=email='anurag@ymail.com' password='123456' first_name='anurag' last_name='kaunaojiya' role='accountant' phone='3243454344' | email=anurag@ymail.com | role=accountant | tenant_id=aaaaaaaa-0000-0000-0000-000000000001 | requested_by=1e6dead3-56bf-4d66-9e41-2d86f8959844
2026-06-10 13:46:54,317 - sms_app - INFO - Create User  Router Request  Data=email='anurag@ymail.com' password='123456' first_name='anurag' last_name='kaunaojiya' role='accountant' phone='3243454344' | email=anurag@ymail.com | role=accountant | tenant_id=aaaaaaaa-0000-0000-0000-000000000001 | requested_by=1e6dead3-56bf-4d66-9e41-2d86f8959844
2026-06-10 13:46:54,646 - sms_app - INFO - Create User  Router Request  Data=email='anurag@ymail.com' password='123456' first_name='anurag' last_name='kaunaojiya' role='accountant' phone='3243454344' | email=anurag@ymail.com | role=accountant | tenant_id=aaaaaaaa-0000-0000-0000-000000000001 | requested_by=1e6dead3-56bf-4d66-9e41-2d86f8959844
2026-06-10 13:46:54,869 - sms_app - INFO - Create User  Router Request  Data=email='anurag@ymail.com' password='123456' first_name='anurag' last_name='kaunaojiya' role='accountant' phone='3243454344' | email=anurag@ymail.com | role=accountant | tenant_id=aaaaaaaa-0000-0000-0000-000000000001 | requested_by=1e6dead3-56bf-4d66-9e41-2d86f8959844
2026-06-10 13:47:10,201 - sms_app - INFO - Create User  Router Request  Data=email='anurag@ymail.com' password='123456' first_name='anurag' last_name='kaunaojiya' role='accountant' phone='3243454344' | email=anurag@ymail.com | role=accountant | tenant_id=aaaaaaaa-0000-0000-0000-000000000001 | requested_by=1e6dead3-56bf-4d66-9e41-2d86f8959844
2026-06-10 13:54:02,838 - sms_app - INFO - Login attempt for email: sumit@ymail.com and password :123456
2026-06-10 13:54:09,838 - sms_app - INFO - Login attempt for email: sumit@ymail.com and password :123456
2026-06-10 13:57:33,452 - sms_app - INFO - Login attempt for email: sumit@ymail.com and password :123456
2026-06-10 13:58:03,695 - sms_app - INFO - Login attempt for email: amit@ymail.com and password :123456
2026-06-10 13:58:28,053 - sms_app - INFO - Login attempt for email: anurag@ymail.com and password :123456
2026-06-10 13:58:58,024 - sms_app - INFO - Login attempt for email: rahul@demoschool.com and password :Admin@123
2026-06-11 14:46:36,302 - sms_app - INFO - Login attempt for email: rahul@demoschool.com and password :Admin@123
2026-06-12 13:07:14,383 - sms_app - INFO - Login attempt for email: rahul@demoschool.com and password :Admin@123
2026-06-12 13:07:36,058 - sms_app - INFO - Login attempt for email: rahul@demoschool.com and password :Admin@123
2026-06-13 10:58:40,911 - sms_app - INFO - Login attempt for email: rahul@demoschool.com and password :Admin@123
2026-06-13 10:59:06,499 - sms_app - INFO - Login attempt for email: anurag@ymail.com and password :123456
2026-06-13 10:59:44,924 - sms_app - INFO - Login attempt for email: rahul@demoschool.com and password :Admin@123
2026-06-13 11:00:14,604 - sms_app - INFO - Login attempt for email: sumit@ymail.com and password :123456
